============================================================
  Generated by:           Genus(TM) Synthesis Solution 19.10-p002_1
  Generated on:           May 13 2025  02:56:56 pm
  Module:                 kogge_stone
  Operating conditions:   _nominal_ (balanced_tree)
  Wireload mode:          enclosed
  Area mode:              timing library
============================================================

                 Instance                    Module    Cell Count  Cell Area  Net Area   Total Area     Wireload       
-----------------------------------------------------------------------------------------------------------------------
kogge_stone                                                    92   2998.272     0.000     2998.272 maxarea_003840 (S) 
  genblk3[7].add_inst                     fulladder_7           1     57.344     0.000       57.344 maxarea_000960 (S) 
  genblk3[6].add_inst                     fulladder_6           1     57.344     0.000       57.344 maxarea_000960 (S) 
  genblk3[5].add_inst                     fulladder_5           1     57.344     0.000       57.344 maxarea_000960 (S) 
  genblk3[4].add_inst                     fulladder_4           1     57.344     0.000       57.344 maxarea_000960 (S) 
  genblk3[3].add_inst                     fulladder_3           1     57.344     0.000       57.344 maxarea_000960 (S) 
  genblk3[2].add_inst                     fulladder_2           1     57.344     0.000       57.344 maxarea_000960 (S) 
  genblk3[1].add_inst                     fulladder_1           1     57.344     0.000       57.344 maxarea_000960 (S) 
  genblk3[0].add_inst                     fulladder             1     57.344     0.000       57.344 maxarea_000960 (S) 
  genblk1[3].genblk1[7].genblk1.node_inst pg_node_16            2     40.960     0.000       40.960 maxarea_000960 (S) 
  genblk1[3].genblk1[6].genblk1.node_inst pg_node_15            2     40.960     0.000       40.960 maxarea_000960 (S) 
  genblk1[3].genblk1[5].genblk1.node_inst pg_node_14            2     40.960     0.000       40.960 maxarea_000960 (S) 
  genblk1[3].genblk1[4].genblk1.node_inst pg_node_13            2     40.960     0.000       40.960 maxarea_000960 (S) 
  genblk1[2].genblk1[7].genblk1.node_inst pg_node_12            2     40.960     0.000       40.960 maxarea_000960 (S) 
  genblk1[2].genblk1[6].genblk1.node_inst pg_node_11            2     40.960     0.000       40.960 maxarea_000960 (S) 
  genblk1[2].genblk1[5].genblk1.node_inst pg_node_10            2     40.960     0.000       40.960 maxarea_000960 (S) 
  genblk1[2].genblk1[4].genblk1.node_inst pg_node_9             2     40.960     0.000       40.960 maxarea_000960 (S) 
  genblk1[2].genblk1[3].genblk1.node_inst pg_node_8             2     40.960     0.000       40.960 maxarea_000960 (S) 
  genblk1[2].genblk1[2].genblk1.node_inst pg_node_7             2     40.960     0.000       40.960 maxarea_000960 (S) 
  genblk1[1].genblk1[7].genblk1.node_inst pg_node_6             2     40.960     0.000       40.960 maxarea_000960 (S) 
  genblk1[1].genblk1[6].genblk1.node_inst pg_node_5             2     40.960     0.000       40.960 maxarea_000960 (S) 
  genblk1[1].genblk1[5].genblk1.node_inst pg_node_4             2     40.960     0.000       40.960 maxarea_000960 (S) 
  genblk1[1].genblk1[4].genblk1.node_inst pg_node_3             2     40.960     0.000       40.960 maxarea_000960 (S) 
  genblk1[1].genblk1[3].genblk1.node_inst pg_node_2             2     40.960     0.000       40.960 maxarea_000960 (S) 
  genblk1[1].genblk1[2].genblk1.node_inst pg_node_1             2     40.960     0.000       40.960 maxarea_000960 (S) 
  genblk1[1].genblk1[1].genblk1.node_inst pg_node               2     40.960     0.000       40.960 maxarea_000960 (S) 

 (S) = wireload was automatically selected
