============================================================
  Generated by:           Genus(TM) Synthesis Solution 19.10-p002_1
  Generated on:           May 13 2025  02:56:57 pm
  Module:                 kogge_stone
  Operating conditions:   _nominal_ (balanced_tree)
  Wireload mode:          enclosed
  Area mode:              timing library
============================================================

Timing
--------

Clock  Period 
--------------
clk_i 10000.0 


  Cost    Critical         Violating 
 Group   Path Slack  TNS     Paths   
-------------------------------------
default      5491.4   0.0          0 
-------------------------------------
Total                 0.0          0 

Instance Count
--------------
Leaf Instance Count             92 
Physical Instance count          0 
Sequential Instance Count       26 
Combinational Instance Count    66 
Hierarchical Instance Count     25 

Area
----
Cell Area                          2998.272
Physical Cell Area                 0.000
Total Cell Area (Cell+Physical)    2998.272
Net Area                           0.000
Total Area (Cell+Physical+Net)     2998.272

Max Fanout                         26 (clk_i)
Min Fanout                         0 (aresetn_i)
Average Fanout                     2.0
Terms to net ratio                 3.0180
Terms to instance ratio            3.6413
Runtime                            10.744757 seconds
Elapsed Runtime                    11 seconds
Genus peak memory usage            880.26 
Innovus peak memory usage          no_value 
Hostname                           miet-cad-02
