============================================================
  Generated by:           Genus(TM) Synthesis Solution 19.10-p002_1
  Generated on:           May 13 2025  02:56:56 pm
  Module:                 kogge_stone
  Operating conditions:   _nominal_ (balanced_tree)
  Wireload mode:          enclosed
  Area mode:              timing library
============================================================


Path 1: MET (5491 ps) Setup Check with Pin sum_o_reg[7]/CP->D
     Startpoint: (R) a_ff_reg[2]/CP
          Clock: (R) clk_i
       Endpoint: (R) sum_o_reg[7]/D
          Clock: (R) clk_i

                     Capture       Launch     
        Clock Edge:+   10000            0     
       Src Latency:+       0            0     
       Net Latency:+       0 (I)        0 (I) 
           Arrival:=   10000            0     
                                              
             Setup:-     626                  
     Required Time:=    9374                  
      Launch Clock:-       0                  
         Data Path:-    3883                  
             Slack:=    5491                  

#----------------------------------------------------------------------------------------------------------------------------
#                    Timing Point                     Flags   Arc   Edge   Cell     Fanout Load Trans Delay Arrival Instance 
#                                                                                          (fF)  (ps)  (ps)   (ps)  Location 
#----------------------------------------------------------------------------------------------------------------------------
  a_ff_reg[2]/CP                                      -       -     R     (arrival)     26    -     0     -       0    (-,-) 
  a_ff_reg[2]/Q                                       -       CP->Q F     F_FD2QHS       2 12.5   210   432     432    (-,-) 
  g311__5266/Z                                        -       B->Z  F     OR2HSP         3 19.3   167   372     803    (-,-) 
  genblk1[1].genblk1[2].genblk1.node_inst/g32__3772/Z -       A->Z  F     AO6NHSP        2 12.6   154   367    1170    (-,-) 
  genblk1[2].genblk1[2].genblk1.node_inst/g32__1786/Z -       C->Z  F     AO6NHSP        2 12.6   154   403    1574    (-,-) 
  g422__4547/Z                                        -       C->Z  F     AO6NHSP        2 16.7   171   416    1990    (-,-) 
  g421__1474/Z                                        -       B->Z  F     AO6NHSP        2 16.7   171   359    2349    (-,-) 
  g420__3772/Z                                        -       B->Z  F     AO6NHSP        2 16.7   171   359    2708    (-,-) 
  g419__4296/Z                                        -       B->Z  F     AO6NHSP        2 16.7   171   359    3066    (-,-) 
  g418__8780/Z                                        -       B->Z  F     AO6NHSP        2 16.7   171   359    3425    (-,-) 
  genblk3[7].add_inst/g36__8757/Z                     -       A->Z  R     EO3HS          1  5.0   182   457    3883    (-,-) 
  sum_o_reg[7]/D                                      <<<     -     R     F_FD2QHS       1    -     -     0    3883    (-,-) 
#----------------------------------------------------------------------------------------------------------------------------

